
--------------------------------------------------
TXLib пїЅпїЅпїЅпїЅпїЅпїЅпїЅпїЅпїЅпїЅпїЅ...

пїЅпїЅпїЅпїЅпїЅпїЅпїЅпїЅпїЅ: E:\Новая папка\6666666\bin\Debug\6666666.exe, пїЅпїЅпїЅпїЅ: E:\Новая папка\6666666\TXLib.h, пїЅпїЅпїЅпїЅпїЅпїЅ: 13657, пїЅпїЅпїЅпїЅпїЅпїЅпїЅ: bool {anonymous}::TX::txTransparentBlt(HDC, double, double, double, double, HDC, double, double, COLORREF),

пїЅпїЅпїЅпїЅпїЅпїЅпїЅпїЅпїЅ: пїЅпїЅпїЅпїЅпїЅпїЅпїЅпїЅ "sourceImage" пїЅпїЅпїЅпїЅпїЅпїЅпїЅ. пїЅпїЅпїЅпїЅпїЅпїЅпїЅпїЅ, пїЅпїЅпїЅпїЅ пїЅпїЅпїЅпїЅпїЅ пїЅпїЅ пїЅпїЅпїЅпїЅпїЅпїЅ, пїЅпїЅпїЅ пїЅпїЅпїЅ пїЅпїЅпїЅпїЅпїЅпїЅпїЅпїЅпїЅ, пїЅпїЅпїЅ пїЅпїЅ пїЅпїЅпїЅпїЅпїЅпїЅпїЅпїЅпїЅпїЅпїЅ пїЅпїЅпїЅпїЅпїЅпїЅпїЅпїЅ.

#2: TXLib [Ver: 00173a, Rev: 171, Date: 2022-07-23 02:08:28 +0400], Instance: 0x000000000043E8F0 (64-bit), Flags: CMdRe0, Thread: 0xF6C (Main), GetLastError(): 13 (Недопустимые данные). 

--------------------------------------------------
пїЅпїЅпїЅпїЅ пїЅпїЅпїЅпїЅпїЅпїЅпїЅ:

 

--------------------------------------------------
Developed with:

The Dumb Artist Library (TX Library)
TXLib [Ver: 00173a, Rev: 171, Date: 2022-07-23 02:08:28 +0400]
Copyright (C) Ded (Ilya Dedinsky, http://txlib.ru) <mail@txlib.ru>
See license on: http://txlib.ru

TXLib file:	E:\Новая папка\6666666\TXLib.h
Compiled:	Jan 20 2025 22:45:29, GNU g++ 8.1.0, std=201402L, MinGW-W64 Runtime 6.0.0 (alpha - rev. 0) 0000-00-00, 64-bit, Debug
Started:	Jan 20 2025 22:45:41

Run file:	E:\Новая папка\6666666\bin\Debug\6666666.exe
Directory:	E:\Новая папка\6666666

--------------------------------------------------

--------------------------------------------------
TXLib пїЅпїЅпїЅпїЅпїЅпїЅпїЅпїЅпїЅпїЅпїЅ...

пїЅпїЅпїЅпїЅпїЅпїЅпїЅпїЅпїЅ: D:\Новая папка\6666666\bin\Debug\6666666.exe, пїЅпїЅпїЅпїЅ: D:\Новая папка\6666666\TXLib.h, пїЅпїЅпїЅпїЅпїЅпїЅ: 13628, пїЅпїЅпїЅпїЅпїЅпїЅпїЅ: bool {anonymous}::TX::txBitBlt(HDC, double, double, double, double, HDC, double, double, unsigned int),

пїЅпїЅпїЅпїЅпїЅпїЅпїЅпїЅпїЅ: пїЅпїЅпїЅпїЅпїЅпїЅпїЅпїЅ "sourceImage" пїЅпїЅпїЅпїЅпїЅпїЅпїЅ. пїЅпїЅпїЅпїЅпїЅпїЅпїЅпїЅ, пїЅпїЅпїЅпїЅ пїЅпїЅпїЅпїЅпїЅ пїЅпїЅ пїЅпїЅпїЅпїЅпїЅпїЅ, пїЅпїЅпїЅ пїЅпїЅпїЅ пїЅпїЅпїЅпїЅпїЅпїЅпїЅпїЅпїЅ, пїЅпїЅпїЅ пїЅпїЅ пїЅпїЅпїЅпїЅпїЅпїЅпїЅпїЅпїЅпїЅпїЅ пїЅпїЅпїЅпїЅпїЅпїЅпїЅпїЅ.

#2: TXLib [Ver: 00173a, Rev: 171, Date: 2022-07-23 02:08:28 +0400], Instance: 0x000000000043E8F0 (64-bit), Flags: CMdRe0, Thread: 0x2D4C (Main), GetLastError(): 13 (Недопустимые данные). 

--------------------------------------------------
пїЅпїЅпїЅпїЅ пїЅпїЅпїЅпїЅпїЅпїЅпїЅ:

 

--------------------------------------------------
Developed with:

The Dumb Artist Library (TX Library)
TXLib [Ver: 00173a, Rev: 171, Date: 2022-07-23 02:08:28 +0400]
Copyright (C) Ded (Ilya Dedinsky, http://txlib.ru) <mail@txlib.ru>
See license on: http://txlib.ru

TXLib file:	D:\Новая папка\6666666\TXLib.h
Compiled:	Jan 21 2025 19:06:51, GNU g++ 8.1.0, std=201402L, MinGW-W64 Runtime 6.0.0 (alpha - rev. 0) 0000-00-00, 64-bit, Debug
Started:	Jan 21 2025 19:07:00

Run file:	D:\Новая папка\6666666\bin\Debug\6666666.exe
Directory:	D:\Новая папка\6666666

--------------------------------------------------

--------------------------------------------------
TXLib пїЅпїЅпїЅпїЅпїЅпїЅпїЅпїЅпїЅпїЅпїЅ...

пїЅпїЅпїЅпїЅпїЅпїЅпїЅпїЅпїЅ: D:\Новая папка\6666666\bin\Debug\6666666.exe, пїЅпїЅпїЅпїЅ: D:\Новая папка\6666666\TXLib.h, пїЅпїЅпїЅпїЅпїЅпїЅ: 13628, пїЅпїЅпїЅпїЅпїЅпїЅпїЅ: bool {anonymous}::TX::txBitBlt(HDC, double, double, double, double, HDC, double, double, unsigned int),

пїЅпїЅпїЅпїЅпїЅпїЅпїЅпїЅпїЅ: пїЅпїЅпїЅпїЅпїЅпїЅпїЅпїЅ "sourceImage" пїЅпїЅпїЅпїЅпїЅпїЅпїЅ. пїЅпїЅпїЅпїЅпїЅпїЅпїЅпїЅ, пїЅпїЅпїЅпїЅ пїЅпїЅпїЅпїЅпїЅ пїЅпїЅ пїЅпїЅпїЅпїЅпїЅпїЅ, пїЅпїЅпїЅ пїЅпїЅпїЅ пїЅпїЅпїЅпїЅпїЅпїЅпїЅпїЅпїЅ, пїЅпїЅпїЅ пїЅпїЅ пїЅпїЅпїЅпїЅпїЅпїЅпїЅпїЅпїЅпїЅпїЅ пїЅпїЅпїЅпїЅпїЅпїЅпїЅпїЅ.

#2: TXLib [Ver: 00173a, Rev: 171, Date: 2022-07-23 02:08:28 +0400], Instance: 0x000000000043E8F0 (64-bit), Flags: CMdRe0, Thread: 0x287C (Main), GetLastError(): 13 (Недопустимые данные). 

--------------------------------------------------
пїЅпїЅпїЅпїЅ пїЅпїЅпїЅпїЅпїЅпїЅпїЅ:

 

--------------------------------------------------
Developed with:

The Dumb Artist Library (TX Library)
TXLib [Ver: 00173a, Rev: 171, Date: 2022-07-23 02:08:28 +0400]
Copyright (C) Ded (Ilya Dedinsky, http://txlib.ru) <mail@txlib.ru>
See license on: http://txlib.ru

TXLib file:	D:\Новая папка\6666666\TXLib.h
Compiled:	Jan 21 2025 19:13:36, GNU g++ 8.1.0, std=201402L, MinGW-W64 Runtime 6.0.0 (alpha - rev. 0) 0000-00-00, 64-bit, Debug
Started:	Jan 21 2025 19:13:49

Run file:	D:\Новая папка\6666666\bin\Debug\6666666.exe
Directory:	D:\Новая папка\6666666

--------------------------------------------------

--------------------------------------------------
TXLib пїЅпїЅпїЅпїЅпїЅпїЅпїЅпїЅпїЅпїЅпїЅ...

пїЅпїЅпїЅпїЅпїЅпїЅпїЅпїЅпїЅ: C:\Users\User\Desktop\c++\Новая папка\6666666\bin\Debug\6666666.exe, пїЅпїЅпїЅпїЅ: C:\Users\User\Desktop\c++\Новая папка\6666666\TXLib.h, пїЅпїЅпїЅпїЅпїЅпїЅ: 13219, пїЅпїЅпїЅпїЅпїЅпїЅпїЅ: bool {anonymous}::TX::txClear(HDC),

пїЅпїЅпїЅпїЅпїЅпїЅпїЅпїЅпїЅ: пїЅпїЅпїЅпїЅ пїЅпїЅпїЅпїЅпїЅпїЅпїЅпїЅпїЅ пїЅпїЅ пїЅпїЅпїЅпїЅпїЅпїЅпїЅ пїЅпїЅпїЅ пїЅпїЅ пїЅ пїЅпїЅпїЅпїЅпїЅпїЅпїЅ.
пїЅпїЅпїЅпїЅ пїЅпїЅ пїЅпїЅпїЅпїЅпїЅпїЅпїЅ пїЅпїЅпїЅпїЅпїЅпїЅпїЅпїЅ "dc", пїЅпїЅ пїЅпїЅ пїЅпїЅпїЅпїЅпїЅпїЅпїЅ.

#2: TXLib [Ver: 00173a, Rev: 171, Date: 2022-07-23 02:08:28 +0400], Instance: 0x000000000043F8F0 (64-bit), Flags: CMdrE0, Thread: 0x4B40 (Main), GetLastError(): 6 (Неверный дескриптор). 

--------------------------------------------------
пїЅпїЅпїЅпїЅ пїЅпїЅпїЅпїЅпїЅпїЅпїЅ:

 

--------------------------------------------------
Developed with:

The Dumb Artist Library (TX Library)
TXLib [Ver: 00173a, Rev: 171, Date: 2022-07-23 02:08:28 +0400]
Copyright (C) Ded (Ilya Dedinsky, http://txlib.ru) <mail@txlib.ru>
See license on: http://txlib.ru

TXLib file:	C:\Users\User\Desktop\c++\Новая папка\6666666\TXLib.h
Compiled:	Mar 18 2025 16:49:27, GNU g++ 8.1.0, std=201402L, MinGW-W64 Runtime 6.0.0 (alpha - rev. 0) 0000-00-00, 64-bit, Debug
Started:	Mar 18 2025 16:55:11

Run file:	C:\Users\User\Desktop\c++\Новая папка\6666666\bin\Debug\6666666.exe
Directory:	C:\Users\User\Desktop\c++\Новая папка\6666666

--------------------------------------------------

--------------------------------------------------
TXLib пїЅпїЅпїЅпїЅпїЅпїЅпїЅпїЅпїЅпїЅпїЅ...

пїЅпїЅпїЅпїЅпїЅпїЅпїЅпїЅпїЅ: C:\Users\User\Desktop\c++\Новая папка\6666666\bin\Debug\6666666.exe, пїЅпїЅпїЅпїЅ: C:\Users\User\Desktop\c++\Новая папка\6666666\TXLib.h, пїЅпїЅпїЅпїЅпїЅпїЅ: 13219, пїЅпїЅпїЅпїЅпїЅпїЅпїЅ: bool {anonymous}::TX::txClear(HDC),

пїЅпїЅпїЅпїЅпїЅпїЅпїЅпїЅпїЅ: пїЅпїЅпїЅпїЅ пїЅпїЅпїЅпїЅпїЅпїЅпїЅпїЅпїЅ пїЅпїЅ пїЅпїЅпїЅпїЅпїЅпїЅпїЅ пїЅпїЅпїЅ пїЅпїЅ пїЅ пїЅпїЅпїЅпїЅпїЅпїЅпїЅ.
пїЅпїЅпїЅпїЅ пїЅпїЅ пїЅпїЅпїЅпїЅпїЅпїЅпїЅ пїЅпїЅпїЅпїЅпїЅпїЅпїЅпїЅ "dc", пїЅпїЅ пїЅпїЅ пїЅпїЅпїЅпїЅпїЅпїЅпїЅ.

#2: TXLib [Ver: 00173a, Rev: 171, Date: 2022-07-23 02:08:28 +0400], Instance: 0x000000000043E8F0 (64-bit), Flags: CMdrE0, Thread: 0x32CC (Main), GetLastError(): 6 (Неверный дескриптор). 

--------------------------------------------------
пїЅпїЅпїЅпїЅ пїЅпїЅпїЅпїЅпїЅпїЅпїЅ:

 

--------------------------------------------------
Developed with:

The Dumb Artist Library (TX Library)
TXLib [Ver: 00173a, Rev: 171, Date: 2022-07-23 02:08:28 +0400]
Copyright (C) Ded (Ilya Dedinsky, http://txlib.ru) <mail@txlib.ru>
See license on: http://txlib.ru

TXLib file:	C:\Users\User\Desktop\c++\Новая папка\6666666\TXLib.h
Compiled:	Mar 27 2025 21:30:44, GNU g++ 8.1.0, std=201402L, MinGW-W64 Runtime 6.0.0 (alpha - rev. 0) 0000-00-00, 64-bit, Debug
Started:	Mar 27 2025 21:30:47

Run file:	C:\Users\User\Desktop\c++\Новая папка\6666666\bin\Debug\6666666.exe
Directory:	C:\Users\User\Desktop\c++\Новая папка\6666666

--------------------------------------------------

--------------------------------------------------
TXLib пїЅпїЅпїЅпїЅпїЅпїЅпїЅпїЅпїЅпїЅпїЅ...

пїЅпїЅпїЅпїЅпїЅпїЅпїЅпїЅпїЅ: C:\Users\User\Desktop\c++\Новая папка\6666666\bin\Debug\6666666.exe, пїЅпїЅпїЅпїЅ: C:\Users\User\Desktop\c++\Новая папка\6666666\TXLib.h, пїЅпїЅпїЅпїЅпїЅпїЅ: 13219, пїЅпїЅпїЅпїЅпїЅпїЅпїЅ: bool {anonymous}::TX::txClear(HDC),

пїЅпїЅпїЅпїЅпїЅпїЅпїЅпїЅпїЅ: пїЅпїЅпїЅпїЅ пїЅпїЅпїЅпїЅпїЅпїЅпїЅпїЅпїЅ пїЅпїЅ пїЅпїЅпїЅпїЅпїЅпїЅпїЅ пїЅпїЅпїЅ пїЅпїЅ пїЅ пїЅпїЅпїЅпїЅпїЅпїЅпїЅ.
пїЅпїЅпїЅпїЅ пїЅпїЅ пїЅпїЅпїЅпїЅпїЅпїЅпїЅ пїЅпїЅпїЅпїЅпїЅпїЅпїЅпїЅ "dc", пїЅпїЅ пїЅпїЅ пїЅпїЅпїЅпїЅпїЅпїЅпїЅ.

#2: TXLib [Ver: 00173a, Rev: 171, Date: 2022-07-23 02:08:28 +0400], Instance: 0x000000000043E8F0 (64-bit), Flags: CMdrE0, Thread: 0x444 (Main), GetLastError(): 6 (Неверный дескриптор). 

--------------------------------------------------
пїЅпїЅпїЅпїЅ пїЅпїЅпїЅпїЅпїЅпїЅпїЅ:

 

--------------------------------------------------
Developed with:

The Dumb Artist Library (TX Library)
TXLib [Ver: 00173a, Rev: 171, Date: 2022-07-23 02:08:28 +0400]
Copyright (C) Ded (Ilya Dedinsky, http://txlib.ru) <mail@txlib.ru>
See license on: http://txlib.ru

TXLib file:	C:\Users\User\Desktop\c++\Новая папка\6666666\TXLib.h
Compiled:	Mar 28 2025 01:14:49, GNU g++ 8.1.0, std=201402L, MinGW-W64 Runtime 6.0.0 (alpha - rev. 0) 0000-00-00, 64-bit, Debug
Started:	Mar 28 2025 01:20:50

Run file:	C:\Users\User\Desktop\c++\Новая папка\6666666\bin\Debug\6666666.exe
Directory:	C:\Users\User\Desktop\c++\Новая папка\6666666

--------------------------------------------------

--------------------------------------------------
TXLib пїЅпїЅпїЅпїЅпїЅпїЅпїЅпїЅпїЅпїЅпїЅ...

пїЅпїЅпїЅпїЅпїЅпїЅпїЅпїЅпїЅ: C:\Users\User\Desktop\c++\Новая папка\6666666\bin\Debug\6666666.exe, пїЅпїЅпїЅпїЅ: C:\Users\User\Desktop\c++\Новая папка\6666666\TXLib.h, пїЅпїЅпїЅпїЅпїЅпїЅ: 13219, пїЅпїЅпїЅпїЅпїЅпїЅпїЅ: bool {anonymous}::TX::txClear(HDC),

пїЅпїЅпїЅпїЅпїЅпїЅпїЅпїЅпїЅ: пїЅпїЅпїЅпїЅ пїЅпїЅпїЅпїЅпїЅпїЅпїЅпїЅпїЅ пїЅпїЅ пїЅпїЅпїЅпїЅпїЅпїЅпїЅ пїЅпїЅпїЅ пїЅпїЅ пїЅ пїЅпїЅпїЅпїЅпїЅпїЅпїЅ.
пїЅпїЅпїЅпїЅ пїЅпїЅ пїЅпїЅпїЅпїЅпїЅпїЅпїЅ пїЅпїЅпїЅпїЅпїЅпїЅпїЅпїЅ "dc", пїЅпїЅ пїЅпїЅ пїЅпїЅпїЅпїЅпїЅпїЅпїЅ.

#2: TXLib [Ver: 00173a, Rev: 171, Date: 2022-07-23 02:08:28 +0400], Instance: 0x000000000043E8F0 (64-bit), Flags: CMdrE0, Thread: 0x53A0 (Main), GetLastError(): 6 (Неверный дескриптор). 

--------------------------------------------------
пїЅпїЅпїЅпїЅ пїЅпїЅпїЅпїЅпїЅпїЅпїЅ:

 

--------------------------------------------------
Developed with:

The Dumb Artist Library (TX Library)
TXLib [Ver: 00173a, Rev: 171, Date: 2022-07-23 02:08:28 +0400]
Copyright (C) Ded (Ilya Dedinsky, http://txlib.ru) <mail@txlib.ru>
See license on: http://txlib.ru

TXLib file:	C:\Users\User\Desktop\c++\Новая папка\6666666\TXLib.h
Compiled:	Mar 28 2025 23:34:28, GNU g++ 8.1.0, std=201402L, MinGW-W64 Runtime 6.0.0 (alpha - rev. 0) 0000-00-00, 64-bit, Debug
Started:	Mar 28 2025 23:34:30

Run file:	C:\Users\User\Desktop\c++\Новая папка\6666666\bin\Debug\6666666.exe
Directory:	C:\Users\User\Desktop\c++\Новая папка\6666666

--------------------------------------------------
